<?xml version="1.0" encoding="UTF-8"?>
<!-- Generated by org.testng.reporters.JUnitReportReporter -->
<testsuite hostname="DESKTOP-LD3PRH9" failures="0" tests="2" name="Athletevue.HomePage" time="23.410" errors="0" timestamp="2022-05-06T16:47:35 IST" skipped="0">
  <testcase classname="Athletevue.HomePage" name="Login" time="12.588"/>
  <system-out/>
  <testcase classname="Athletevue.HomePage" name="Login" time="10.822"/>
  <system-out/>
</testsuite> <!-- Athletevue.HomePage -->
