<?xml version="1.0" encoding="UTF-8"?>
<!-- Generated by org.testng.reporters.JUnitReportReporter -->
<testsuite hostname="DESKTOP-LD3PRH9" failures="0" tests="2" name="Athletevue.TestCity" time="21.938" errors="0" timestamp="2022-04-30T20:48:40 IST" skipped="0">
  <testcase classname="Athletevue.TestCity" name="Login" time="5.208"/>
  <system-out/>
  <testcase classname="Athletevue.TestCity" name="City_Page" time="16.730"/>
  <system-out/>
</testsuite> <!-- Athletevue.TestCity -->
