<?xml version="1.0" encoding="UTF-8"?>
<!-- Generated by org.testng.reporters.JUnitReportReporter -->
<testsuite hostname="DESKTOP-LD3PRH9" failures="0" tests="4" name="Athletevue.TestCountry" time="17.796" errors="0" timestamp="2022-04-30T12:26:10 IST" skipped="2">
  <testcase classname="Athletevue.TestCountry" name="Login" time="5.210"/>
  <system-out/>
  <testcase classname="Athletevue.TestCountry" name="Delete_Country" time="12.586"/>
  <system-out/>
  <testcase classname="Athletevue.TestCountry" name="Country_Page">
    <skipped/>
  </testcase> <!-- Country_Page -->
  <system-out/>
  <testcase classname="Athletevue.TestCountry" name="Update_Country">
    <skipped/>
  </testcase> <!-- Update_Country -->
  <system-out/>
</testsuite> <!-- Athletevue.TestCountry -->
