<?xml version="1.0" encoding="UTF-8"?>
<!-- Generated by org.testng.reporters.JUnitReportReporter -->
<testsuite hostname="DESKTOP-LD3PRH9" failures="0" tests="2" name="Athletevue.StateTest" time="32.898" errors="0" timestamp="2022-05-06T19:25:40 IST" skipped="0">
  <testcase classname="Athletevue.StateTest" name="State_Page" time="18.837"/>
  <system-out/>
  <testcase classname="Athletevue.StateTest" name="Login" time="14.061"/>
  <system-out/>
</testsuite> <!-- Athletevue.StateTest -->
