<?xml version="1.0" encoding="UTF-8"?>
<!-- Generated by org.testng.reporters.JUnitReportReporter -->
<testsuite hostname="DESKTOP-LD3PRH9" failures="0" tests="5" name="Athletevue.SkillsTest" time="39.411" errors="0" timestamp="2022-05-06T19:02:13 IST" skipped="3">
  <testcase classname="Athletevue.SkillsTest" name="Login" time="11.694"/>
  <system-out/>
  <testcase classname="Athletevue.SkillsTest" name="handlingPagination" time="27.717"/>
  <system-out/>
  <testcase classname="Athletevue.SkillsTest" name="Delete_Skills">
    <skipped/>
  </testcase> <!-- Delete_Skills -->
  <system-out/>
  <testcase classname="Athletevue.SkillsTest" name="Skills_Page">
    <skipped/>
  </testcase> <!-- Skills_Page -->
  <system-out/>
  <testcase classname="Athletevue.SkillsTest" name="Update_Skils">
    <skipped/>
  </testcase> <!-- Update_Skils -->
  <system-out/>
</testsuite> <!-- Athletevue.SkillsTest -->
